#
# There is insufficient memory for the Java Runtime Environment to continue.
# Native memory allocation (malloc) failed to allocate 1351872 bytes. Error detail: Chunk::new
# Possible reasons:
#   The system is out of physical RAM or swap space
#   This process is running with CompressedOops enabled, and the Java Heap may be blocking the growth of the native heap
# Possible solutions:
#   Reduce memory load on the system
#   Increase physical memory or swap space
#   Check if swap backing store is full
#   Decrease Java heap size (-Xmx/-Xms)
#   Decrease number of Java threads
#   Decrease Java thread stack sizes (-Xss)
#   Set larger code cache with -XX:ReservedCodeCacheSize=
#   JVM is running with Zero Based Compressed Oops mode in which the Java heap is
#     placed in the first 32GB address space. The Java Heap base address is the
#     maximum limit for the native heap growth. Please use -XX:HeapBaseMinAddress
#     to set the Java Heap base and to place the Java Heap above 32GB virtual address.
# This output file may be truncated or incomplete.
#
#  Out of Memory Error (arena.cpp:168), pid=12184, tid=6732
#
# JRE version: OpenJDK Runtime Environment (21.0.5) (build 21.0.5+-12932927-b750.29)
# Java VM: OpenJDK 64-Bit Server VM (21.0.5+-12932927-b750.29, mixed mode, tiered, compressed oops, compressed class ptrs, g1 gc, windows-amd64)
# No core dump will be written. Minidumps are not enabled by default on client versions of Windows
#

---------------  S U M M A R Y ------------

Command Line: git4idea.http.GitAskPassApp Password for 'https://mohammed-nor@github.com': 

Host: Intel(R) Core(TM) i5-4200U CPU @ 1.60GHz, 4 cores, 14G,  Windows 10 , 64 bit Build 19041 (10.0.19041.5198)
Time: Sat Mar  8 00:45:16 2025 Morocco Standard Time elapsed time: 1.669694 seconds (0d 0h 0m 1s)

---------------  T H R E A D  ---------------

Current thread (0x000002062c39e6d0):  JavaThread "C2 CompilerThread1" daemon [_thread_in_native, id=6732, stack(0x00000084d6c00000,0x00000084d6d00000) (1024K)]


Current CompileTask:
C2:1669 1096       4       sun.security.ec.ECOperations::setDouble (463 bytes)

Stack: [0x00000084d6c00000,0x00000084d6d00000]
Native frames: (J=compiled Java code, j=interpreted, Vv=VM code, C=native code)
V  [jvm.dll+0x6cfb29]
V  [jvm.dll+0x85ded3]
V  [jvm.dll+0x86042e]
V  [jvm.dll+0x860b13]
V  [jvm.dll+0x27e6b6]
V  [jvm.dll+0xbff6d]
V  [jvm.dll+0xc04a3]
V  [jvm.dll+0x3b5ffb]
V  [jvm.dll+0x381f97]
V  [jvm.dll+0x38140a]
V  [jvm.dll+0x247c62]
V  [jvm.dll+0x247231]
V  [jvm.dll+0x1c5ee4]
V  [jvm.dll+0x25697c]
V  [jvm.dll+0x254ec6]
V  [jvm.dll+0x3f0ce6]
V  [jvm.dll+0x806368]
V  [jvm.dll+0x6ce3fd]
C  [ucrtbase.dll+0x21bb2]
C  [KERNEL32.DLL+0x17374]
C  [ntdll.dll+0x4cc91]


---------------  P R O C E S S  ---------------

Threads class SMR info:
_java_thread_list=0x000002062c32d9e0, length=15, elements={
0x000002060e0c3960, 0x000002062738a210, 0x000002062738b2d0, 0x00000206273a1550,
0x00000206273a1bb0, 0x00000206273a6220, 0x00000206273a6880, 0x00000206273a8620,
0x00000206273aacd0, 0x000002062753bec0, 0x000002062753e140, 0x000002062c2cc1e0,
0x000002062c33c420, 0x000002062c35c1f0, 0x000002062c39e6d0
}

Java Threads: ( => current thread )
  0x000002060e0c3960 JavaThread "main"                              [_thread_blocked, id=3444, stack(0x00000084d5300000,0x00000084d5400000) (1024K)]
  0x000002062738a210 JavaThread "Reference Handler"          daemon [_thread_blocked, id=3916, stack(0x00000084d5b00000,0x00000084d5c00000) (1024K)]
  0x000002062738b2d0 JavaThread "Finalizer"                  daemon [_thread_blocked, id=18720, stack(0x00000084d5c00000,0x00000084d5d00000) (1024K)]
  0x00000206273a1550 JavaThread "Signal Dispatcher"          daemon [_thread_blocked, id=14416, stack(0x00000084d5d00000,0x00000084d5e00000) (1024K)]
  0x00000206273a1bb0 JavaThread "Attach Listener"            daemon [_thread_blocked, id=1532, stack(0x00000084d5e00000,0x00000084d5f00000) (1024K)]
  0x00000206273a6220 JavaThread "Service Thread"             daemon [_thread_blocked, id=13472, stack(0x00000084d5f00000,0x00000084d6000000) (1024K)]
  0x00000206273a6880 JavaThread "Monitor Deflation Thread"   daemon [_thread_blocked, id=12300, stack(0x00000084d6000000,0x00000084d6100000) (1024K)]
  0x00000206273a8620 JavaThread "C2 CompilerThread0"         daemon [_thread_in_native, id=17292, stack(0x00000084d6100000,0x00000084d6200000) (1024K)]
  0x00000206273aacd0 JavaThread "C1 CompilerThread0"         daemon [_thread_blocked, id=16712, stack(0x00000084d6200000,0x00000084d6300000) (1024K)]
  0x000002062753bec0 JavaThread "Notification Thread"        daemon [_thread_blocked, id=13752, stack(0x00000084d6300000,0x00000084d6400000) (1024K)]
  0x000002062753e140 JavaThread "Common-Cleaner"             daemon [_thread_blocked, id=15752, stack(0x00000084d6400000,0x00000084d6500000) (1024K)]
  0x000002062c2cc1e0 JavaThread "HttpClient-1-SelectorManager" daemon [_thread_in_native, id=15404, stack(0x00000084d6500000,0x00000084d6600000) (1024K)]
  0x000002062c33c420 JavaThread "HttpClient-1-Worker-0"      daemon [_thread_blocked, id=7932, stack(0x00000084d6700000,0x00000084d6800000) (1024K)]
  0x000002062c35c1f0 JavaThread "HttpClient-1-Worker-1"      daemon [_thread_blocked, id=14688, stack(0x00000084d6800000,0x00000084d6900000) (1024K)]
=>0x000002062c39e6d0 JavaThread "C2 CompilerThread1"         daemon [_thread_in_native, id=6732, stack(0x00000084d6c00000,0x00000084d6d00000) (1024K)]
Total: 15

Other Threads:
  0x00000206271d4630 VMThread "VM Thread"                           [id=17364, stack(0x00000084d5a00000,0x00000084d5b00000) (1024K)]
  0x00000206271702b0 WatcherThread "VM Periodic Task Thread"        [id=2696, stack(0x00000084d5900000,0x00000084d5a00000) (1024K)]
  0x000002060e122db0 WorkerThread "GC Thread#0"                     [id=16484, stack(0x00000084d5400000,0x00000084d5500000) (1024K)]
  0x000002062c39ad80 WorkerThread "GC Thread#1"                     [id=16052, stack(0x00000084d6900000,0x00000084d6a00000) (1024K)]
  0x000002062c39b120 WorkerThread "GC Thread#2"                     [id=18744, stack(0x00000084d6a00000,0x00000084d6b00000) (1024K)]
  0x000002062c39b4c0 WorkerThread "GC Thread#3"                     [id=18020, stack(0x00000084d6b00000,0x00000084d6c00000) (1024K)]
  0x000002060e132c50 ConcurrentGCThread "G1 Main Marker"            [id=16480, stack(0x00000084d5500000,0x00000084d5600000) (1024K)]
  0x000002060e1338c0 WorkerThread "G1 Conc#0"                       [id=2192, stack(0x00000084d5600000,0x00000084d5700000) (1024K)]
  0x000002060e18e7a0 ConcurrentGCThread "G1 Refine#0"               [id=2916, stack(0x00000084d5700000,0x00000084d5800000) (1024K)]
  0x0000020627040140 ConcurrentGCThread "G1 Service"                [id=14864, stack(0x00000084d5800000,0x00000084d5900000) (1024K)]
Total: 10

Threads with active compile tasks:
C2 CompilerThread0  1714 1238       4       java.util.HashMap::putVal (300 bytes)
C2 CompilerThread1  1714 1096       4       sun.security.ec.ECOperations::setDouble (463 bytes)
Total: 2

VM state: not at safepoint (normal execution)

VM Mutex/Monitor currently owned by a thread: None

Heap address: 0x0000000711400000, size: 3820 MB, Compressed Oops mode: Zero based, Oop shift amount: 3

CDS archive(s) not mapped
Compressed class space mapped at: 0x0000000800000000-0x0000000840000000, reserved size: 1073741824
Narrow klass base: 0x0000000800000000, Narrow klass shift: 0, Narrow klass range: 0x40000000

GC Precious Log:
 CardTable entry size: 512
 Card Set container configuration: InlinePtr #cards 4 size 8 Array Of Cards #cards 16 size 48 Howl #buckets 8 coarsen threshold 3686 Howl Bitmap #cards 512 size 80 coarsen threshold 460 Card regions per heap region 1 cards per card region 4096
 CPUs: 4 total, 4 available
 Memory: 15273M
 Large Page Support: Disabled
 NUMA Support: Disabled
 Compressed Oops: Enabled (Zero based)
 Heap Region Size: 2M
 Heap Min Capacity: 8M
 Heap Initial Capacity: 240M
 Heap Max Capacity: 3820M
 Pre-touch: Disabled
 Parallel Workers: 4
 Concurrent Workers: 1
 Concurrent Refinement Workers: 4
 Periodic GC: Disabled

Heap:
 garbage-first heap   total 245760K, used 4364K [0x0000000711400000, 0x0000000800000000)
  region size 2048K, 3 young (6144K), 1 survivors (2048K)
 Metaspace       used 17210K, committed 17536K, reserved 1114112K
  class space    used 1837K, committed 1984K, reserved 1048576K

Heap Regions: E=young(eden), S=young(survivor), O=old, HS=humongous(starts), HC=humongous(continues), CS=collection set, F=free, TAMS=top-at-mark-start, PB=parsable bottom
|   0|0x0000000711400000, 0x0000000711443010, 0x0000000711600000| 13%| O|  |TAMS 0x0000000711400000| PB 0x0000000711400000| Untracked 
|   1|0x0000000711600000, 0x0000000711600000, 0x0000000711800000|  0%| F|  |TAMS 0x0000000711600000| PB 0x0000000711600000| Untracked 
|   2|0x0000000711800000, 0x0000000711800000, 0x0000000711a00000|  0%| F|  |TAMS 0x0000000711800000| PB 0x0000000711800000| Untracked 
|   3|0x0000000711a00000, 0x0000000711a00000, 0x0000000711c00000|  0%| F|  |TAMS 0x0000000711a00000| PB 0x0000000711a00000| Untracked 
|   4|0x0000000711c00000, 0x0000000711c00000, 0x0000000711e00000|  0%| F|  |TAMS 0x0000000711c00000| PB 0x0000000711c00000| Untracked 
|   5|0x0000000711e00000, 0x0000000711e00000, 0x0000000712000000|  0%| F|  |TAMS 0x0000000711e00000| PB 0x0000000711e00000| Untracked 
|   6|0x0000000712000000, 0x0000000712000000, 0x0000000712200000|  0%| F|  |TAMS 0x0000000712000000| PB 0x0000000712000000| Untracked 
|   7|0x0000000712200000, 0x0000000712200000, 0x0000000712400000|  0%| F|  |TAMS 0x0000000712200000| PB 0x0000000712200000| Untracked 
|   8|0x0000000712400000, 0x0000000712400000, 0x0000000712600000|  0%| F|  |TAMS 0x0000000712400000| PB 0x0000000712400000| Untracked 
|   9|0x0000000712600000, 0x0000000712600000, 0x0000000712800000|  0%| F|  |TAMS 0x0000000712600000| PB 0x0000000712600000| Untracked 
|  10|0x0000000712800000, 0x0000000712800000, 0x0000000712a00000|  0%| F|  |TAMS 0x0000000712800000| PB 0x0000000712800000| Untracked 
|  11|0x0000000712a00000, 0x0000000712a00000, 0x0000000712c00000|  0%| F|  |TAMS 0x0000000712a00000| PB 0x0000000712a00000| Untracked 
|  12|0x0000000712c00000, 0x0000000712c00000, 0x0000000712e00000|  0%| F|  |TAMS 0x0000000712c00000| PB 0x0000000712c00000| Untracked 
|  13|0x0000000712e00000, 0x0000000712e00000, 0x0000000713000000|  0%| F|  |TAMS 0x0000000712e00000| PB 0x0000000712e00000| Untracked 
|  14|0x0000000713000000, 0x0000000713000000, 0x0000000713200000|  0%| F|  |TAMS 0x0000000713000000| PB 0x0000000713000000| Untracked 
|  15|0x0000000713200000, 0x0000000713200000, 0x0000000713400000|  0%| F|  |TAMS 0x0000000713200000| PB 0x0000000713200000| Untracked 
|  16|0x0000000713400000, 0x0000000713400000, 0x0000000713600000|  0%| F|  |TAMS 0x0000000713400000| PB 0x0000000713400000| Untracked 
|  17|0x0000000713600000, 0x0000000713600000, 0x0000000713800000|  0%| F|  |TAMS 0x0000000713600000| PB 0x0000000713600000| Untracked 
|  18|0x0000000713800000, 0x0000000713800000, 0x0000000713a00000|  0%| F|  |TAMS 0x0000000713800000| PB 0x0000000713800000| Untracked 
|  19|0x0000000713a00000, 0x0000000713a00000, 0x0000000713c00000|  0%| F|  |TAMS 0x0000000713a00000| PB 0x0000000713a00000| Untracked 
|  20|0x0000000713c00000, 0x0000000713c00000, 0x0000000713e00000|  0%| F|  |TAMS 0x0000000713c00000| PB 0x0000000713c00000| Untracked 
|  21|0x0000000713e00000, 0x0000000713e00000, 0x0000000714000000|  0%| F|  |TAMS 0x0000000713e00000| PB 0x0000000713e00000| Untracked 
|  22|0x0000000714000000, 0x0000000714000000, 0x0000000714200000|  0%| F|  |TAMS 0x0000000714000000| PB 0x0000000714000000| Untracked 
|  23|0x0000000714200000, 0x0000000714200000, 0x0000000714400000|  0%| F|  |TAMS 0x0000000714200000| PB 0x0000000714200000| Untracked 
|  24|0x0000000714400000, 0x0000000714400000, 0x0000000714600000|  0%| F|  |TAMS 0x0000000714400000| PB 0x0000000714400000| Untracked 
|  25|0x0000000714600000, 0x0000000714600000, 0x0000000714800000|  0%| F|  |TAMS 0x0000000714600000| PB 0x0000000714600000| Untracked 
|  26|0x0000000714800000, 0x0000000714800000, 0x0000000714a00000|  0%| F|  |TAMS 0x0000000714800000| PB 0x0000000714800000| Untracked 
|  27|0x0000000714a00000, 0x0000000714a00000, 0x0000000714c00000|  0%| F|  |TAMS 0x0000000714a00000| PB 0x0000000714a00000| Untracked 
|  28|0x0000000714c00000, 0x0000000714c00000, 0x0000000714e00000|  0%| F|  |TAMS 0x0000000714c00000| PB 0x0000000714c00000| Untracked 
|  29|0x0000000714e00000, 0x0000000714e00000, 0x0000000715000000|  0%| F|  |TAMS 0x0000000714e00000| PB 0x0000000714e00000| Untracked 
|  30|0x0000000715000000, 0x0000000715000000, 0x0000000715200000|  0%| F|  |TAMS 0x0000000715000000| PB 0x0000000715000000| Untracked 
|  31|0x0000000715200000, 0x0000000715200000, 0x0000000715400000|  0%| F|  |TAMS 0x0000000715200000| PB 0x0000000715200000| Untracked 
|  32|0x0000000715400000, 0x0000000715400000, 0x0000000715600000|  0%| F|  |TAMS 0x0000000715400000| PB 0x0000000715400000| Untracked 
|  33|0x0000000715600000, 0x0000000715600000, 0x0000000715800000|  0%| F|  |TAMS 0x0000000715600000| PB 0x0000000715600000| Untracked 
|  34|0x0000000715800000, 0x0000000715800000, 0x0000000715a00000|  0%| F|  |TAMS 0x0000000715800000| PB 0x0000000715800000| Untracked 
|  35|0x0000000715a00000, 0x0000000715a00000, 0x0000000715c00000|  0%| F|  |TAMS 0x0000000715a00000| PB 0x0000000715a00000| Untracked 
|  36|0x0000000715c00000, 0x0000000715c00000, 0x0000000715e00000|  0%| F|  |TAMS 0x0000000715c00000| PB 0x0000000715c00000| Untracked 
|  37|0x0000000715e00000, 0x0000000715e00000, 0x0000000716000000|  0%| F|  |TAMS 0x0000000715e00000| PB 0x0000000715e00000| Untracked 
|  38|0x0000000716000000, 0x0000000716000000, 0x0000000716200000|  0%| F|  |TAMS 0x0000000716000000| PB 0x0000000716000000| Untracked 
|  39|0x0000000716200000, 0x0000000716200000, 0x0000000716400000|  0%| F|  |TAMS 0x0000000716200000| PB 0x0000000716200000| Untracked 
|  40|0x0000000716400000, 0x0000000716400000, 0x0000000716600000|  0%| F|  |TAMS 0x0000000716400000| PB 0x0000000716400000| Untracked 
|  41|0x0000000716600000, 0x0000000716600000, 0x0000000716800000|  0%| F|  |TAMS 0x0000000716600000| PB 0x0000000716600000| Untracked 
|  42|0x0000000716800000, 0x0000000716800000, 0x0000000716a00000|  0%| F|  |TAMS 0x0000000716800000| PB 0x0000000716800000| Untracked 
|  43|0x0000000716a00000, 0x0000000716a00000, 0x0000000716c00000|  0%| F|  |TAMS 0x0000000716a00000| PB 0x0000000716a00000| Untracked 
|  44|0x0000000716c00000, 0x0000000716c00000, 0x0000000716e00000|  0%| F|  |TAMS 0x0000000716c00000| PB 0x0000000716c00000| Untracked 
|  45|0x0000000716e00000, 0x0000000716e00000, 0x0000000717000000|  0%| F|  |TAMS 0x0000000716e00000| PB 0x0000000716e00000| Untracked 
|  46|0x0000000717000000, 0x0000000717000000, 0x0000000717200000|  0%| F|  |TAMS 0x0000000717000000| PB 0x0000000717000000| Untracked 
|  47|0x0000000717200000, 0x0000000717200000, 0x0000000717400000|  0%| F|  |TAMS 0x0000000717200000| PB 0x0000000717200000| Untracked 
|  48|0x0000000717400000, 0x0000000717400000, 0x0000000717600000|  0%| F|  |TAMS 0x0000000717400000| PB 0x0000000717400000| Untracked 
|  49|0x0000000717600000, 0x0000000717600000, 0x0000000717800000|  0%| F|  |TAMS 0x0000000717600000| PB 0x0000000717600000| Untracked 
|  50|0x0000000717800000, 0x0000000717800000, 0x0000000717a00000|  0%| F|  |TAMS 0x0000000717800000| PB 0x0000000717800000| Untracked 
|  51|0x0000000717a00000, 0x0000000717a00000, 0x0000000717c00000|  0%| F|  |TAMS 0x0000000717a00000| PB 0x0000000717a00000| Untracked 
|  52|0x0000000717c00000, 0x0000000717c00000, 0x0000000717e00000|  0%| F|  |TAMS 0x0000000717c00000| PB 0x0000000717c00000| Untracked 
|  53|0x0000000717e00000, 0x0000000717e00000, 0x0000000718000000|  0%| F|  |TAMS 0x0000000717e00000| PB 0x0000000717e00000| Untracked 
|  54|0x0000000718000000, 0x0000000718000000, 0x0000000718200000|  0%| F|  |TAMS 0x0000000718000000| PB 0x0000000718000000| Untracked 
|  55|0x0000000718200000, 0x0000000718200000, 0x0000000718400000|  0%| F|  |TAMS 0x0000000718200000| PB 0x0000000718200000| Untracked 
|  56|0x0000000718400000, 0x0000000718400000, 0x0000000718600000|  0%| F|  |TAMS 0x0000000718400000| PB 0x0000000718400000| Untracked 
|  57|0x0000000718600000, 0x0000000718600000, 0x0000000718800000|  0%| F|  |TAMS 0x0000000718600000| PB 0x0000000718600000| Untracked 
|  58|0x0000000718800000, 0x0000000718800000, 0x0000000718a00000|  0%| F|  |TAMS 0x0000000718800000| PB 0x0000000718800000| Untracked 
|  59|0x0000000718a00000, 0x0000000718a00000, 0x0000000718c00000|  0%| F|  |TAMS 0x0000000718a00000| PB 0x0000000718a00000| Untracked 
|  60|0x0000000718c00000, 0x0000000718c00000, 0x0000000718e00000|  0%| F|  |TAMS 0x0000000718c00000| PB 0x0000000718c00000| Untracked 
|  61|0x0000000718e00000, 0x0000000718e00000, 0x0000000719000000|  0%| F|  |TAMS 0x0000000718e00000| PB 0x0000000718e00000| Untracked 
|  62|0x0000000719000000, 0x0000000719000000, 0x0000000719200000|  0%| F|  |TAMS 0x0000000719000000| PB 0x0000000719000000| Untracked 
|  63|0x0000000719200000, 0x0000000719200000, 0x0000000719400000|  0%| F|  |TAMS 0x0000000719200000| PB 0x0000000719200000| Untracked 
|  64|0x0000000719400000, 0x0000000719400000, 0x0000000719600000|  0%| F|  |TAMS 0x0000000719400000| PB 0x0000000719400000| Untracked 
|  65|0x0000000719600000, 0x0000000719600000, 0x0000000719800000|  0%| F|  |TAMS 0x0000000719600000| PB 0x0000000719600000| Untracked 
|  66|0x0000000719800000, 0x0000000719800000, 0x0000000719a00000|  0%| F|  |TAMS 0x0000000719800000| PB 0x0000000719800000| Untracked 
|  67|0x0000000719a00000, 0x0000000719a00000, 0x0000000719c00000|  0%| F|  |TAMS 0x0000000719a00000| PB 0x0000000719a00000| Untracked 
|  68|0x0000000719c00000, 0x0000000719c00000, 0x0000000719e00000|  0%| F|  |TAMS 0x0000000719c00000| PB 0x0000000719c00000| Untracked 
|  69|0x0000000719e00000, 0x0000000719e00000, 0x000000071a000000|  0%| F|  |TAMS 0x0000000719e00000| PB 0x0000000719e00000| Untracked 
|  70|0x000000071a000000, 0x000000071a000000, 0x000000071a200000|  0%| F|  |TAMS 0x000000071a000000| PB 0x000000071a000000| Untracked 
|  71|0x000000071a200000, 0x000000071a200000, 0x000000071a400000|  0%| F|  |TAMS 0x000000071a200000| PB 0x000000071a200000| Untracked 
|  72|0x000000071a400000, 0x000000071a400000, 0x000000071a600000|  0%| F|  |TAMS 0x000000071a400000| PB 0x000000071a400000| Untracked 
|  73|0x000000071a600000, 0x000000071a600000, 0x000000071a800000|  0%| F|  |TAMS 0x000000071a600000| PB 0x000000071a600000| Untracked 
|  74|0x000000071a800000, 0x000000071a800000, 0x000000071aa00000|  0%| F|  |TAMS 0x000000071a800000| PB 0x000000071a800000| Untracked 
|  75|0x000000071aa00000, 0x000000071aa00000, 0x000000071ac00000|  0%| F|  |TAMS 0x000000071aa00000| PB 0x000000071aa00000| Untracked 
|  76|0x000000071ac00000, 0x000000071ac00000, 0x000000071ae00000|  0%| F|  |TAMS 0x000000071ac00000| PB 0x000000071ac00000| Untracked 
|  77|0x000000071ae00000, 0x000000071ae00000, 0x000000071b000000|  0%| F|  |TAMS 0x000000071ae00000| PB 0x000000071ae00000| Untracked 
|  78|0x000000071b000000, 0x000000071b000000, 0x000000071b200000|  0%| F|  |TAMS 0x000000071b000000| PB 0x000000071b000000| Untracked 
|  79|0x000000071b200000, 0x000000071b200000, 0x000000071b400000|  0%| F|  |TAMS 0x000000071b200000| PB 0x000000071b200000| Untracked 
|  80|0x000000071b400000, 0x000000071b400000, 0x000000071b600000|  0%| F|  |TAMS 0x000000071b400000| PB 0x000000071b400000| Untracked 
|  81|0x000000071b600000, 0x000000071b600000, 0x000000071b800000|  0%| F|  |TAMS 0x000000071b600000| PB 0x000000071b600000| Untracked 
|  82|0x000000071b800000, 0x000000071b800000, 0x000000071ba00000|  0%| F|  |TAMS 0x000000071b800000| PB 0x000000071b800000| Untracked 
|  83|0x000000071ba00000, 0x000000071ba00000, 0x000000071bc00000|  0%| F|  |TAMS 0x000000071ba00000| PB 0x000000071ba00000| Untracked 
|  84|0x000000071bc00000, 0x000000071bc00000, 0x000000071be00000|  0%| F|  |TAMS 0x000000071bc00000| PB 0x000000071bc00000| Untracked 
|  85|0x000000071be00000, 0x000000071be00000, 0x000000071c000000|  0%| F|  |TAMS 0x000000071be00000| PB 0x000000071be00000| Untracked 
|  86|0x000000071c000000, 0x000000071c000000, 0x000000071c200000|  0%| F|  |TAMS 0x000000071c000000| PB 0x000000071c000000| Untracked 
|  87|0x000000071c200000, 0x000000071c200000, 0x000000071c400000|  0%| F|  |TAMS 0x000000071c200000| PB 0x000000071c200000| Untracked 
|  88|0x000000071c400000, 0x000000071c400000, 0x000000071c600000|  0%| F|  |TAMS 0x000000071c400000| PB 0x000000071c400000| Untracked 
|  89|0x000000071c600000, 0x000000071c600000, 0x000000071c800000|  0%| F|  |TAMS 0x000000071c600000| PB 0x000000071c600000| Untracked 
|  90|0x000000071c800000, 0x000000071c800000, 0x000000071ca00000|  0%| F|  |TAMS 0x000000071c800000| PB 0x000000071c800000| Untracked 
|  91|0x000000071ca00000, 0x000000071ca00000, 0x000000071cc00000|  0%| F|  |TAMS 0x000000071ca00000| PB 0x000000071ca00000| Untracked 
|  92|0x000000071cc00000, 0x000000071cc00000, 0x000000071ce00000|  0%| F|  |TAMS 0x000000071cc00000| PB 0x000000071cc00000| Untracked 
|  93|0x000000071ce00000, 0x000000071ce00000, 0x000000071d000000|  0%| F|  |TAMS 0x000000071ce00000| PB 0x000000071ce00000| Untracked 
|  94|0x000000071d000000, 0x000000071d000000, 0x000000071d200000|  0%| F|  |TAMS 0x000000071d000000| PB 0x000000071d000000| Untracked 
|  95|0x000000071d200000, 0x000000071d200000, 0x000000071d400000|  0%| F|  |TAMS 0x000000071d200000| PB 0x000000071d200000| Untracked 
|  96|0x000000071d400000, 0x000000071d400000, 0x000000071d600000|  0%| F|  |TAMS 0x000000071d400000| PB 0x000000071d400000| Untracked 
|  97|0x000000071d600000, 0x000000071d600000, 0x000000071d800000|  0%| F|  |TAMS 0x000000071d600000| PB 0x000000071d600000| Untracked 
|  98|0x000000071d800000, 0x000000071d800000, 0x000000071da00000|  0%| F|  |TAMS 0x000000071d800000| PB 0x000000071d800000| Untracked 
|  99|0x000000071da00000, 0x000000071da00000, 0x000000071dc00000|  0%| F|  |TAMS 0x000000071da00000| PB 0x000000071da00000| Untracked 
| 100|0x000000071dc00000, 0x000000071dc00000, 0x000000071de00000|  0%| F|  |TAMS 0x000000071dc00000| PB 0x000000071dc00000| Untracked 
| 101|0x000000071de00000, 0x000000071de00000, 0x000000071e000000|  0%| F|  |TAMS 0x000000071de00000| PB 0x000000071de00000| Untracked 
| 102|0x000000071e000000, 0x000000071e000000, 0x000000071e200000|  0%| F|  |TAMS 0x000000071e000000| PB 0x000000071e000000| Untracked 
| 103|0x000000071e200000, 0x000000071e200000, 0x000000071e400000|  0%| F|  |TAMS 0x000000071e200000| PB 0x000000071e200000| Untracked 
| 104|0x000000071e400000, 0x000000071e400000, 0x000000071e600000|  0%| F|  |TAMS 0x000000071e400000| PB 0x000000071e400000| Untracked 
| 105|0x000000071e600000, 0x000000071e600000, 0x000000071e800000|  0%| F|  |TAMS 0x000000071e600000| PB 0x000000071e600000| Untracked 
| 106|0x000000071e800000, 0x000000071e800000, 0x000000071ea00000|  0%| F|  |TAMS 0x000000071e800000| PB 0x000000071e800000| Untracked 
| 107|0x000000071ea00000, 0x000000071ea00000, 0x000000071ec00000|  0%| F|  |TAMS 0x000000071ea00000| PB 0x000000071ea00000| Untracked 
| 108|0x000000071ec00000, 0x000000071ec00000, 0x000000071ee00000|  0%| F|  |TAMS 0x000000071ec00000| PB 0x000000071ec00000| Untracked 
| 109|0x000000071ee00000, 0x000000071ee00000, 0x000000071f000000|  0%| F|  |TAMS 0x000000071ee00000| PB 0x000000071ee00000| Untracked 
| 110|0x000000071f000000, 0x000000071f000000, 0x000000071f200000|  0%| F|  |TAMS 0x000000071f000000| PB 0x000000071f000000| Untracked 
| 111|0x000000071f200000, 0x000000071f200000, 0x000000071f400000|  0%| F|  |TAMS 0x000000071f200000| PB 0x000000071f200000| Untracked 
| 112|0x000000071f400000, 0x000000071f400000, 0x000000071f600000|  0%| F|  |TAMS 0x000000071f400000| PB 0x000000071f400000| Untracked 
| 113|0x000000071f600000, 0x000000071f800000, 0x000000071f800000|100%| S|CS|TAMS 0x000000071f600000| PB 0x000000071f600000| Complete 
| 114|0x000000071f800000, 0x000000071f800000, 0x000000071fa00000|  0%| F|  |TAMS 0x000000071f800000| PB 0x000000071f800000| Untracked 
| 115|0x000000071fa00000, 0x000000071fa00000, 0x000000071fc00000|  0%| F|  |TAMS 0x000000071fa00000| PB 0x000000071fa00000| Untracked 
| 116|0x000000071fc00000, 0x000000071fc00000, 0x000000071fe00000|  0%| F|  |TAMS 0x000000071fc00000| PB 0x000000071fc00000| Untracked 
| 117|0x000000071fe00000, 0x000000071fe00000, 0x0000000720000000|  0%| F|  |TAMS 0x000000071fe00000| PB 0x000000071fe00000| Untracked 
| 118|0x0000000720000000, 0x00000007201dea60, 0x0000000720200000| 93%| E|  |TAMS 0x0000000720000000| PB 0x0000000720000000| Complete 
| 119|0x0000000720200000, 0x0000000720400000, 0x0000000720400000|100%| E|CS|TAMS 0x0000000720200000| PB 0x0000000720200000| Complete 

Card table byte_map: [0x00000206209a0000,0x0000020621120000] _byte_map_base: 0x000002061d116000

Marking Bits: (CMBitMap*) 0x000002060e1234b0
 Bits: [0x0000020621120000, 0x0000020624cd0000)

Polling page: 0x000002060bf30000

Metaspace:

Usage:
  Non-class:     15.01 MB used.
      Class:      1.79 MB used.
       Both:     16.81 MB used.

Virtual space:
  Non-class space:       64.00 MB reserved,      15.19 MB ( 24%) committed,  1 nodes.
      Class space:        1.00 GB reserved,       1.94 MB ( <1%) committed,  1 nodes.
             Both:        1.06 GB reserved,      17.12 MB (  2%) committed. 

Chunk freelists:
   Non-Class:  652.00 KB
       Class:  14.09 MB
        Both:  14.73 MB

MaxMetaspaceSize: unlimited
CompressedClassSpaceSize: 1.00 GB
Initial GC threshold: 21.00 MB
Current GC threshold: 21.00 MB
CDS: off
 - commit_granule_bytes: 65536.
 - commit_granule_words: 8192.
 - virtual_space_node_default_size: 8388608.
 - enlarge_chunks_in_place: 1.
 - use_allocation_guard: 0.


Internal statistics:

num_allocs_failed_limit: 0.
num_arena_births: 268.
num_arena_deaths: 0.
num_vsnodes_births: 2.
num_vsnodes_deaths: 0.
num_space_committed: 274.
num_space_uncommitted: 0.
num_chunks_returned_to_freelist: 0.
num_chunks_taken_from_freelist: 474.
num_chunk_merges: 0.
num_chunk_splits: 265.
num_chunks_enlarged: 127.
num_inconsistent_stats: 0.

CodeHeap 'non-profiled nmethods': size=120000Kb used=425Kb max_used=425Kb free=119574Kb
 bounds [0x0000020618cf0000, 0x0000020618f60000, 0x0000020620220000]
CodeHeap 'profiled nmethods': size=120000Kb used=2048Kb max_used=2048Kb free=117951Kb
 bounds [0x0000020611220000, 0x0000020611490000, 0x0000020618750000]
CodeHeap 'non-nmethods': size=5760Kb used=1410Kb max_used=1433Kb free=4349Kb
 bounds [0x0000020618750000, 0x00000206189c0000, 0x0000020618cf0000]
 total_blobs=1756 nmethods=1239 adapters=422
 compilation: enabled
              stopped_count=0, restarted_count=0
 full_count=0

Compilation events (20 events):
Event: 1.644 Thread 0x00000206273aacd0 1201       3       java.nio.Buffer::hasRemaining (17 bytes)
Event: 1.644 Thread 0x00000206273aacd0 nmethod 1201 0x000002061140cd90 code [0x000002061140cf20, 0x000002061140d088]
Event: 1.644 Thread 0x00000206273aacd0 1202       3       jdk.internal.net.http.Http1HeaderParser::get (10 bytes)
Event: 1.645 Thread 0x00000206273aacd0 nmethod 1202 0x000002061140d110 code [0x000002061140d2c0, 0x000002061140d4a0]
Event: 1.647 Thread 0x00000206273aacd0 1203       3       java.nio.MappedByteBuffer::limit (6 bytes)
Event: 1.647 Thread 0x00000206273aacd0 nmethod 1203 0x000002061140d590 code [0x000002061140d740, 0x000002061140d950]
Event: 1.649 Thread 0x00000206273aacd0 1204       3       java.lang.Record::<init> (5 bytes)
Event: 1.649 Thread 0x00000206273aacd0 nmethod 1204 0x000002061140da90 code [0x000002061140dc40, 0x000002061140dda8]
Event: 1.651 Thread 0x00000206273aacd0 1205       3       java.nio.ByteBuffer::<init> (14 bytes)
Event: 1.651 Thread 0x00000206273aacd0 nmethod 1205 0x000002061140de90 code [0x000002061140e040, 0x000002061140e190]
Event: 1.651 Thread 0x00000206273aacd0 1206       3       java.nio.MappedByteBuffer::limit (6 bytes)
Event: 1.652 Thread 0x00000206273aacd0 nmethod 1206 0x000002061140e290 code [0x000002061140e440, 0x000002061140e650]
Event: 1.652 Thread 0x00000206273aacd0 1207       3       java.nio.MappedByteBuffer::position (6 bytes)
Event: 1.652 Thread 0x00000206273aacd0 nmethod 1207 0x000002061140e790 code [0x000002061140e940, 0x000002061140eb50]
Event: 1.652 Thread 0x00000206273aacd0 1208       3       java.nio.ByteBuffer::get (9 bytes)
Event: 1.652 Thread 0x00000206273aacd0 nmethod 1208 0x000002061140ec90 code [0x000002061140ee40, 0x000002061140f020]
Event: 1.653 Thread 0x00000206273aacd0 1209       3       java.lang.invoke.Invokers$Holder::linkToTargetMethod (9 bytes)
Event: 1.653 Thread 0x00000206273aacd0 nmethod 1209 0x000002061140f110 code [0x000002061140f2e0, 0x000002061140f590]
Event: 1.665 Thread 0x00000206273aacd0 1214       3       java.lang.invoke.DirectMethodHandle$Holder::newInvokeSpecial (21 bytes)
Event: 1.666 Thread 0x00000206273aacd0 nmethod 1214 0x000002061140f690 code [0x000002061140f880, 0x000002061140fe10]

GC Heap History (2 events):
Event: 1.190 GC heap before
{Heap before GC invocations=0 (full 0):
 garbage-first heap   total 245760K, used 12288K [0x0000000711400000, 0x0000000800000000)
  region size 2048K, 6 young (12288K), 0 survivors (0K)
 Metaspace       used 15576K, committed 15808K, reserved 1114112K
  class space    used 1625K, committed 1728K, reserved 1048576K
}
Event: 1.197 GC heap after
{Heap after GC invocations=1 (full 0):
 garbage-first heap   total 245760K, used 2316K [0x0000000711400000, 0x0000000800000000)
  region size 2048K, 1 young (2048K), 1 survivors (2048K)
 Metaspace       used 15576K, committed 15808K, reserved 1114112K
  class space    used 1625K, committed 1728K, reserved 1048576K
}

Dll operation events (2 events):
Event: 0.008 Loaded shared library C:\Program Files\Android\Android Studio\jbr\bin\java.dll
Event: 0.015 Loaded shared library C:\Program Files\Android\Android Studio\jbr\bin\zip.dll

Deoptimization events (20 events):
Event: 1.458 Thread 0x000002062c33c420 Uncommon trap: trap_request=0xffffff66 fr.pc=0x0000020618d490f4 relative=0x0000000000000314
Event: 1.458 Thread 0x000002062c33c420 Uncommon trap: reason=speculate_class_check action=maybe_recompile pc=0x0000020618d490f4 method=sun.security.util.math.intpoly.IntegerPolynomial.multByInt([JJ)V @ 26 c2
Event: 1.458 Thread 0x000002062c33c420 DEOPT PACKING pc=0x0000020618d490f4 sp=0x00000084d67fe740
Event: 1.458 Thread 0x000002062c33c420 DEOPT UNPACKING pc=0x00000206187a46a2 sp=0x00000084d67fe690 mode 2
Event: 1.458 Thread 0x000002062c33c420 Uncommon trap: trap_request=0xffffffde fr.pc=0x0000020618d43e28 relative=0x0000000000000268
Event: 1.458 Thread 0x000002062c33c420 Uncommon trap: reason=class_check action=maybe_recompile pc=0x0000020618d43e28 method=sun.security.util.math.intpoly.IntegerPolynomial.multByInt([JJ)V @ 26 c2
Event: 1.458 Thread 0x000002062c33c420 DEOPT PACKING pc=0x0000020618d43e28 sp=0x00000084d67fe6c0
Event: 1.458 Thread 0x000002062c33c420 DEOPT UNPACKING pc=0x00000206187a46a2 sp=0x00000084d67fe690 mode 2
Event: 1.458 Thread 0x000002062c33c420 Uncommon trap: trap_request=0xffffffde fr.pc=0x0000020618d43e28 relative=0x0000000000000268
Event: 1.458 Thread 0x000002062c33c420 Uncommon trap: reason=class_check action=maybe_recompile pc=0x0000020618d43e28 method=sun.security.util.math.intpoly.IntegerPolynomial.multByInt([JJ)V @ 26 c2
Event: 1.458 Thread 0x000002062c33c420 DEOPT PACKING pc=0x0000020618d43e28 sp=0x00000084d67fe6c0
Event: 1.458 Thread 0x000002062c33c420 DEOPT UNPACKING pc=0x00000206187a46a2 sp=0x00000084d67fe690 mode 2
Event: 1.458 Thread 0x000002062c33c420 Uncommon trap: trap_request=0xffffffde fr.pc=0x0000020618d43e28 relative=0x0000000000000268
Event: 1.458 Thread 0x000002062c33c420 Uncommon trap: reason=class_check action=maybe_recompile pc=0x0000020618d43e28 method=sun.security.util.math.intpoly.IntegerPolynomial.multByInt([JJ)V @ 26 c2
Event: 1.458 Thread 0x000002062c33c420 DEOPT PACKING pc=0x0000020618d43e28 sp=0x00000084d67fe6c0
Event: 1.458 Thread 0x000002062c33c420 DEOPT UNPACKING pc=0x00000206187a46a2 sp=0x00000084d67fe690 mode 2
Event: 1.458 Thread 0x000002062c33c420 Uncommon trap: trap_request=0xffffffde fr.pc=0x0000020618d43e28 relative=0x0000000000000268
Event: 1.458 Thread 0x000002062c33c420 Uncommon trap: reason=class_check action=maybe_recompile pc=0x0000020618d43e28 method=sun.security.util.math.intpoly.IntegerPolynomial.multByInt([JJ)V @ 26 c2
Event: 1.458 Thread 0x000002062c33c420 DEOPT PACKING pc=0x0000020618d43e28 sp=0x00000084d67fe6c0
Event: 1.458 Thread 0x000002062c33c420 DEOPT UNPACKING pc=0x00000206187a46a2 sp=0x00000084d67fe690 mode 2

Classes loaded (20 events):
Event: 1.656 Loading class java/util/stream/LongStream done
Event: 1.657 Loading class java/util/stream/LongPipeline done
Event: 1.657 Loading class java/util/stream/LongPipeline$StatelessOp done
Event: 1.657 Loading class java/util/stream/ReferencePipeline$5 done
Event: 1.657 Loading class java/util/stream/FindOps$FindSink$OfLong
Event: 1.657 Loading class java/util/stream/Sink$OfLong
Event: 1.657 Loading class java/util/function/LongConsumer
Event: 1.658 Loading class java/util/function/LongConsumer done
Event: 1.658 Loading class java/util/stream/Sink$OfLong done
Event: 1.658 Loading class java/util/stream/FindOps$FindSink$OfLong done
Event: 1.658 Loading class java/util/OptionalLong
Event: 1.658 Loading class java/util/OptionalLong done
Event: 1.660 Loading class java/util/stream/ReferencePipeline$5$1
Event: 1.660 Loading class java/util/stream/ReferencePipeline$5$1 done
Event: 1.661 Loading class java/lang/IllegalAccessException
Event: 1.661 Loading class java/lang/IllegalAccessException done
Event: 1.661 Loading class java/lang/invoke/VarHandleBytes$FieldInstanceReadWrite
Event: 1.662 Loading class java/lang/invoke/VarHandleBytes$FieldInstanceReadOnly
Event: 1.662 Loading class java/lang/invoke/VarHandleBytes$FieldInstanceReadOnly done
Event: 1.662 Loading class java/lang/invoke/VarHandleBytes$FieldInstanceReadWrite done

Classes unloaded (0 events):
No events

Classes redefined (0 events):
No events

Internal exceptions (20 events):
Event: 0.785 Thread 0x000002060e0c3960 Exception <a 'java/lang/NoSuchMethodError'{0x000000071ffcce10}: 'int java.lang.invoke.DirectMethodHandle$Holder.invokeStaticInit(java.lang.Object, long, long)'> (0x000000071ffcce10) 
thrown [s\src\hotspot\share\interpreter\linkResolver.cpp, line 784]
Event: 0.787 Thread 0x000002060e0c3960 Exception <a 'java/lang/NoSuchMethodError'{0x000000071ffd38a8}: 'int java.lang.invoke.DirectMethodHandle$Holder.invokeStaticInit(java.lang.Object, float, float)'> (0x000000071ffd38a8) 
thrown [s\src\hotspot\share\interpreter\linkResolver.cpp, line 784]
Event: 0.789 Thread 0x000002060e0c3960 Exception <a 'java/lang/NoSuchMethodError'{0x000000071ffda338}: 'int java.lang.invoke.DirectMethodHandle$Holder.invokeStaticInit(java.lang.Object, double, double)'> (0x000000071ffda338) 
thrown [s\src\hotspot\share\interpreter\linkResolver.cpp, line 784]
Event: 0.790 Thread 0x000002060e0c3960 Exception <a 'java/lang/NoSuchMethodError'{0x000000071ffdeae8}: 'int java.lang.invoke.DirectMethodHandle$Holder.invokeStatic(java.lang.Object, long)'> (0x000000071ffdeae8) 
thrown [s\src\hotspot\share\interpreter\linkResolver.cpp, line 784]
Event: 0.796 Thread 0x000002060e0c3960 Exception <a 'java/lang/NoSuchMethodError'{0x000000071fc0c150}: 'java.lang.Object java.lang.invoke.DelegatingMethodHandle$Holder.delegate(java.lang.Object, int, java.lang.Object, java.lang.Object)'> (0x000000071fc0c150) 
thrown [s\src\hotspot\share\interpreter\linkResolver.cpp, line 784]
Event: 0.799 Thread 0x000002060e0c3960 Exception <a 'java/lang/NoSuchMethodError'{0x000000071fc1b470}: 'int java.lang.invoke.Invokers$Holder.linkToTargetMethod(java.lang.Object, java.lang.Object, java.lang.Object)'> (0x000000071fc1b470) 
thrown [s\src\hotspot\share\interpreter\linkResolver.cpp, line 784]
Event: 0.807 Thread 0x000002060e0c3960 Exception <a 'java/lang/NoSuchMethodError'{0x000000071fc4ad20}: 'long java.lang.invoke.DirectMethodHandle$Holder.invokeSpecial(java.lang.Object, java.lang.Object)'> (0x000000071fc4ad20) 
thrown [s\src\hotspot\share\interpreter\linkResolver.cpp, line 784]
Event: 0.809 Thread 0x000002060e0c3960 Exception <a 'java/lang/NoSuchMethodError'{0x000000071fc515f0}: 'int java.lang.invoke.DirectMethodHandle$Holder.invokeStatic(java.lang.Object, java.lang.Object, java.lang.Object, java.lang.Object)'> (0x000000071fc515f0) 
thrown [s\src\hotspot\share\interpreter\linkResolver.cpp, line 784]
Event: 0.809 Thread 0x000002060e0c3960 Exception <a 'java/lang/NoSuchMethodError'{0x000000071fc54a10}: 'java.lang.Object java.lang.invoke.Invokers$Holder.invokeExact_MT(java.lang.Object, java.lang.Object, java.lang.Object, java.lang.Object, java.lang.Object, java.lang.Object)'> (0x000000071fc54a10) 
thrown [s\src\hotspot\share\interpreter\linkResolver.cpp, line 784]
Event: 0.933 Thread 0x000002060e0c3960 Exception <a 'java/lang/NoSuchMethodError'{0x000000071fa1bf10}: 'java.lang.Object java.lang.invoke.DirectMethodHandle$Holder.newInvokeSpecial(java.lang.Object, java.lang.Object, java.lang.Object, java.lang.Object, java.lang.Object)'> (0x000000071fa1bf10) 
thrown [s\src\hotspot\share\interpreter\linkResolver.cpp, line 784]
Event: 0.984 Thread 0x000002060e0c3960 Exception <a 'java/lang/NoSuchMethodError'{0x000000071fb78928}: 'java.lang.Object java.lang.invoke.DirectMethodHandle$Holder.invokeSpecial(java.lang.Object, java.lang.Object, java.lang.Object, java.lang.Object, int)'> (0x000000071fb78928) 
thrown [s\src\hotspot\share\interpreter\linkResolver.cpp, line 784]
Event: 0.985 Thread 0x000002060e0c3960 Exception <a 'java/lang/NoSuchMethodError'{0x000000071fb7c290}: 'java.lang.Object java.lang.invoke.Invokers$Holder.linkToTargetMethod(java.lang.Object, java.lang.Object, int, java.lang.Object)'> (0x000000071fb7c290) 
thrown [s\src\hotspot\share\interpreter\linkResolver.cpp, line 784]
Event: 0.998 Thread 0x000002060e0c3960 Exception <a 'java/lang/NoSuchMethodError'{0x000000071fba7308}: 'void java.lang.invoke.DirectMethodHandle$Holder.invokeSpecial(java.lang.Object, java.lang.Object, java.lang.Object)'> (0x000000071fba7308) 
thrown [s\src\hotspot\share\interpreter\linkResolver.cpp, line 784]
Event: 1.032 Thread 0x000002062c2cc1e0 Exception <a 'java/lang/NoSuchMethodError'{0x000000071fdcf7c8}: 'void java.lang.invoke.DirectMethodHandle$Holder.invokeStatic(java.lang.Object, java.lang.Object, int)'> (0x000000071fdcf7c8) 
thrown [s\src\hotspot\share\interpreter\linkResolver.cpp, line 784]
Event: 1.053 Thread 0x000002062c2cc1e0 Exception <a 'java/lang/NoSuchMethodError'{0x000000071f858570}: 'void java.lang.invoke.DirectMethodHandle$Holder.invokeStatic(java.lang.Object, java.lang.Object)'> (0x000000071f858570) 
thrown [s\src\hotspot\share\interpreter\linkResolver.cpp, line 784]
Event: 1.057 Thread 0x000002060e0c3960 Exception <a 'java/lang/NoSuchMethodError'{0x000000071f82d620}: 'void java.lang.invoke.DirectMethodHandle$Holder.invokeSpecial(java.lang.Object, java.lang.Object, java.lang.Object, java.lang.Object, java.lang.Object)'> (0x000000071f82d620) 
thrown [s\src\hotspot\share\interpreter\linkResolver.cpp, line 784]
Event: 1.062 Thread 0x000002062c33c420 Exception <a 'java/lang/NoSuchMethodError'{0x000000071f89a480}: 'void java.lang.invoke.DirectMethodHandle$Holder.invokeInterface(java.lang.Object, java.lang.Object, java.lang.Object)'> (0x000000071f89a480) 
thrown [s\src\hotspot\share\interpreter\linkResolver.cpp, line 784]
Event: 1.077 Thread 0x000002062c33c420 Exception <a 'java/lang/NoSuchMethodError'{0x000000071f91de80}: 'void java.lang.invoke.DirectMethodHandle$Holder.invokeVirtual(java.lang.Object, java.lang.Object)'> (0x000000071f91de80) 
thrown [s\src\hotspot\share\interpreter\linkResolver.cpp, line 784]
Event: 1.443 Thread 0x000002062c33c420 Exception <a 'java/lang/NoSuchMethodError'{0x000000072033b888}: 'void java.lang.invoke.DirectMethodHandle$Holder.invokeInterface(java.lang.Object, java.lang.Object)'> (0x000000072033b888) 
thrown [s\src\hotspot\share\interpreter\linkResolver.cpp, line 784]
Event: 1.552 Thread 0x000002062c33c420 Exception <a 'java/lang/NoSuchMethodError'{0x00000007203c8b78}: 'void java.lang.invoke.DirectMethodHandle$Holder.invokeStatic(java.lang.Object, java.lang.Object, java.lang.Object, java.lang.Object)'> (0x00000007203c8b78) 
thrown [s\src\hotspot\share\interpreter\linkResolver.cpp, line 784]

ZGC Phase Switch (0 events):
No events

VM Operations (10 events):
Event: 0.296 Executing VM operation: HandshakeAllThreads (Deoptimize)
Event: 0.296 Executing VM operation: HandshakeAllThreads (Deoptimize) done
Event: 0.347 Executing VM operation: HandshakeAllThreads (Deoptimize)
Event: 0.347 Executing VM operation: HandshakeAllThreads (Deoptimize) done
Event: 0.681 Executing VM operation: HandshakeAllThreads (Deoptimize)
Event: 0.681 Executing VM operation: HandshakeAllThreads (Deoptimize) done
Event: 1.190 Executing VM operation: G1CollectForAllocation (G1 Evacuation Pause)
Event: 1.197 Executing VM operation: G1CollectForAllocation (G1 Evacuation Pause) done
Event: 1.648 Executing VM operation: HandshakeAllThreads (Deoptimize)
Event: 1.648 Executing VM operation: HandshakeAllThreads (Deoptimize) done

Memory protections (0 events):
No events

Nmethod flushes (0 events):
No events

Events (20 events):
Event: 0.014 Thread 0x000002060e0c3960 Thread added: 0x000002060e0c3960
Event: 0.096 Thread 0x000002060e0c3960 Thread added: 0x000002062738a210
Event: 0.096 Thread 0x000002060e0c3960 Thread added: 0x000002062738b2d0
Event: 0.098 Thread 0x000002060e0c3960 Thread added: 0x00000206273a1550
Event: 0.098 Thread 0x000002060e0c3960 Thread added: 0x00000206273a1bb0
Event: 0.099 Thread 0x000002060e0c3960 Thread added: 0x00000206273a6220
Event: 0.099 Thread 0x000002060e0c3960 Thread added: 0x00000206273a6880
Event: 0.099 Thread 0x000002060e0c3960 Thread added: 0x00000206273a8620
Event: 0.099 Thread 0x000002060e0c3960 Thread added: 0x00000206273aacd0
Event: 0.159 Thread 0x000002060e0c3960 Thread added: 0x000002062753bec0
Event: 0.166 Thread 0x000002060e0c3960 Thread added: 0x000002062753e140
Event: 0.177 Loaded shared library C:\Program Files\Android\Android Studio\jbr\bin\net.dll
Event: 0.181 Loaded shared library C:\Program Files\Android\Android Studio\jbr\bin\nio.dll
Event: 0.256 Loaded shared library C:\Program Files\Android\Android Studio\jbr\bin\zip.dll
Event: 0.459 Loaded shared library C:\Program Files\Android\Android Studio\jbr\bin\jimage.dll
Event: 0.918 Loaded shared library C:\Program Files\Android\Android Studio\jbr\bin\extnet.dll
Event: 0.926 Thread 0x000002060e0c3960 Thread added: 0x000002062c2cc1e0
Event: 1.052 Thread 0x000002062c2cc1e0 Thread added: 0x000002062c33c420
Event: 1.096 Thread 0x000002062c2cc1e0 Thread added: 0x000002062c35c1f0
Event: 1.222 Thread 0x00000206273aacd0 Thread added: 0x000002062c39e6d0


Dynamic libraries:
0x00007ff7b3730000 - 0x00007ff7b373a000 	C:\Program Files\Android\Android Studio\jbr\bin\java.exe
0x00007ffa4d4f0000 - 0x00007ffa4d6e8000 	C:\WINDOWS\SYSTEM32\ntdll.dll
0x00007ffa4ba40000 - 0x00007ffa4bb02000 	C:\WINDOWS\System32\KERNEL32.DLL
0x00007ffa4ac80000 - 0x00007ffa4af7f000 	C:\WINDOWS\System32\KERNELBASE.dll
0x00007ffa4ab80000 - 0x00007ffa4ac80000 	C:\WINDOWS\System32\ucrtbase.dll
0x00007ffa42ec0000 - 0x00007ffa42edb000 	C:\Program Files\Android\Android Studio\jbr\bin\VCRUNTIME140.dll
0x00007ffa22f90000 - 0x00007ffa22fa8000 	C:\Program Files\Android\Android Studio\jbr\bin\jli.dll
0x00007ffa4d020000 - 0x00007ffa4d1bd000 	C:\WINDOWS\System32\USER32.dll
0x00007ffa4b2a0000 - 0x00007ffa4b2c2000 	C:\WINDOWS\System32\win32u.dll
0x00007ffa2e670000 - 0x00007ffa2e90a000 	C:\WINDOWS\WinSxS\amd64_microsoft.windows.common-controls_6595b64144ccf1df_6.0.19041.4355_none_60b8b9eb71f62e16\COMCTL32.dll
0x00007ffa4b6f0000 - 0x00007ffa4b71b000 	C:\WINDOWS\System32\GDI32.dll
0x00007ffa4c040000 - 0x00007ffa4c0de000 	C:\WINDOWS\System32\msvcrt.dll
0x00007ffa4b180000 - 0x00007ffa4b297000 	C:\WINDOWS\System32\gdi32full.dll
0x00007ffa4b0e0000 - 0x00007ffa4b17d000 	C:\WINDOWS\System32\msvcp_win.dll
0x00007ffa4b7e0000 - 0x00007ffa4b80f000 	C:\WINDOWS\System32\IMM32.DLL
0x00007ffa44d60000 - 0x00007ffa44d6c000 	C:\Program Files\Android\Android Studio\jbr\bin\vcruntime140_1.dll
0x00007ff9e8f30000 - 0x00007ff9e8fbd000 	C:\Program Files\Android\Android Studio\jbr\bin\msvcp140.dll
0x00007ff9db8e0000 - 0x00007ff9dc56a000 	C:\Program Files\Android\Android Studio\jbr\bin\server\jvm.dll
0x00007ffa4b720000 - 0x00007ffa4b7d1000 	C:\WINDOWS\System32\ADVAPI32.dll
0x00007ffa4b810000 - 0x00007ffa4b8af000 	C:\WINDOWS\System32\sechost.dll
0x00007ffa4d380000 - 0x00007ffa4d4a3000 	C:\WINDOWS\System32\RPCRT4.dll
0x00007ffa4b390000 - 0x00007ffa4b3b7000 	C:\WINDOWS\System32\bcrypt.dll
0x00007ffa4c7c0000 - 0x00007ffa4c82b000 	C:\WINDOWS\System32\WS2_32.dll
0x00007ffa4a9e0000 - 0x00007ffa4aa2b000 	C:\WINDOWS\SYSTEM32\POWRPROF.dll
0x00007ffa312e0000 - 0x00007ffa31307000 	C:\WINDOWS\SYSTEM32\WINMM.dll
0x00007ffa40cd0000 - 0x00007ffa40cda000 	C:\WINDOWS\SYSTEM32\VERSION.dll
0x00007ffa4a9c0000 - 0x00007ffa4a9d2000 	C:\WINDOWS\SYSTEM32\UMPDC.dll
0x00007ffa48a10000 - 0x00007ffa48a22000 	C:\WINDOWS\SYSTEM32\kernel.appcore.dll
0x00007ffa42190000 - 0x00007ffa4219a000 	C:\Program Files\Android\Android Studio\jbr\bin\jimage.dll
0x00007ffa41c60000 - 0x00007ffa41e44000 	C:\WINDOWS\SYSTEM32\DBGHELP.DLL
0x00007ffa2b1a0000 - 0x00007ffa2b1d4000 	C:\WINDOWS\SYSTEM32\dbgcore.DLL
0x00007ffa4b3c0000 - 0x00007ffa4b442000 	C:\WINDOWS\System32\bcryptPrimitives.dll
0x00007ffa3b130000 - 0x00007ffa3b150000 	C:\Program Files\Android\Android Studio\jbr\bin\java.dll
0x00007ffa3b110000 - 0x00007ffa3b128000 	C:\Program Files\Android\Android Studio\jbr\bin\zip.dll
0x00007ffa4c890000 - 0x00007ffa4cffe000 	C:\WINDOWS\System32\SHELL32.dll
0x00007ffa48bc0000 - 0x00007ffa49364000 	C:\WINDOWS\SYSTEM32\windows.storage.dll
0x00007ffa4c2c0000 - 0x00007ffa4c615000 	C:\WINDOWS\System32\combase.dll
0x00007ffa4a400000 - 0x00007ffa4a42f000 	C:\WINDOWS\SYSTEM32\Wldp.dll
0x00007ffa4c140000 - 0x00007ffa4c20d000 	C:\WINDOWS\System32\OLEAUT32.dll
0x00007ffa4bf90000 - 0x00007ffa4c03d000 	C:\WINDOWS\System32\SHCORE.dll
0x00007ffa4c830000 - 0x00007ffa4c885000 	C:\WINDOWS\System32\shlwapi.dll
0x00007ffa4aab0000 - 0x00007ffa4aad4000 	C:\WINDOWS\SYSTEM32\profapi.dll
0x00007ffa42180000 - 0x00007ffa42190000 	C:\Program Files\Android\Android Studio\jbr\bin\net.dll
0x00007ffa43d90000 - 0x00007ffa43e9d000 	C:\WINDOWS\SYSTEM32\WINHTTP.dll
0x00007ffa4a1e0000 - 0x00007ffa4a24a000 	C:\WINDOWS\system32\mswsock.dll
0x00007ffa3a020000 - 0x00007ffa3a036000 	C:\Program Files\Android\Android Studio\jbr\bin\nio.dll
0x00007ffa4a750000 - 0x00007ffa4a768000 	C:\WINDOWS\SYSTEM32\CRYPTSP.dll
0x00007ffa49b20000 - 0x00007ffa49b54000 	C:\WINDOWS\system32\rsaenh.dll
0x00007ffa4aa30000 - 0x00007ffa4aa5e000 	C:\WINDOWS\SYSTEM32\USERENV.dll
0x00007ffa4a370000 - 0x00007ffa4a37c000 	C:\WINDOWS\SYSTEM32\CRYPTBASE.dll
0x00007ffa49ee0000 - 0x00007ffa49f1b000 	C:\WINDOWS\SYSTEM32\IPHLPAPI.DLL
0x00007ffa4b6e0000 - 0x00007ffa4b6e8000 	C:\WINDOWS\System32\NSI.dll
0x00007ffa3b100000 - 0x00007ffa3b107000 	C:\WINDOWS\system32\wshunix.dll
0x00007ffa39ef0000 - 0x00007ffa39ef9000 	C:\Program Files\Android\Android Studio\jbr\bin\extnet.dll

dbghelp: loaded successfully - version: 4.0.5 - missing functions: none
symbol engine: initialized successfully - sym options: 0x614 - pdb path: .;C:\Program Files\Android\Android Studio\jbr\bin;C:\WINDOWS\SYSTEM32;C:\WINDOWS\WinSxS\amd64_microsoft.windows.common-controls_6595b64144ccf1df_6.0.19041.4355_none_60b8b9eb71f62e16;C:\Program Files\Android\Android Studio\jbr\bin\server

VM Arguments:
java_command: git4idea.http.GitAskPassApp Password for 'https://mohammed-nor@github.com': 
java_class_path (initial): C:/Program Files/Android/Android Studio/plugins/vcs-git/lib/git4idea-rt.jar;C:/Program Files/Android/Android Studio/lib/externalProcess-rt.jar
Launcher Type: SUN_STANDARD

[Global flags]
     intx CICompilerCount                          = 3                                         {product} {ergonomic}
     uint ConcGCThreads                            = 1                                         {product} {ergonomic}
     uint G1ConcRefinementThreads                  = 4                                         {product} {ergonomic}
   size_t G1HeapRegionSize                         = 2097152                                   {product} {ergonomic}
    uintx GCDrainStackTargetSize                   = 64                                        {product} {ergonomic}
   size_t InitialHeapSize                          = 251658240                                 {product} {ergonomic}
   size_t MarkStackSize                            = 4194304                                   {product} {ergonomic}
   size_t MaxHeapSize                              = 4005560320                                {product} {ergonomic}
   size_t MaxNewSize                               = 2403336192                                {product} {ergonomic}
   size_t MinHeapDeltaBytes                        = 2097152                                   {product} {ergonomic}
   size_t MinHeapSize                              = 8388608                                   {product} {ergonomic}
    uintx NonNMethodCodeHeapSize                   = 5832780                                {pd product} {ergonomic}
    uintx NonProfiledCodeHeapSize                  = 122912730                              {pd product} {ergonomic}
    uintx ProfiledCodeHeapSize                     = 122912730                              {pd product} {ergonomic}
    uintx ReservedCodeCacheSize                    = 251658240                              {pd product} {ergonomic}
     bool SegmentedCodeCache                       = true                                      {product} {ergonomic}
   size_t SoftMaxHeapSize                          = 4005560320                             {manageable} {ergonomic}
     bool UseCompressedOops                        = true                           {product lp64_product} {ergonomic}
     bool UseG1GC                                  = true                                      {product} {ergonomic}
     bool UseLargePagesIndividualAllocation        = false                                  {pd product} {ergonomic}

Logging:
Log output configuration:
 #0: stdout all=warning uptime,level,tags foldmultilines=false
 #1: stderr all=off uptime,level,tags foldmultilines=false

Environment Variables:
JAVA_HOME=C:\Program Files\Java\jdk-23
PATH=C:/Program Files/Git/mingw64/libexec/git-core;C:/Program Files/Git/mingw64/libexec/git-core;C:\Program Files\Git\mingw64\bin;C:\Program Files\Git\usr\bin;C:\Users\MOHAMMED NoR\bin;C:\Program Files\Common Files\Oracle\Java\javapath;C:\Program Files\Python311\Scripts\;C:\Program Files\Python311\;C:\Python38\Scripts\;C:\Python38\;C:\Program Files\PerkinElmerInformatics\ChemOffice2019\ChemScript\Lib;C:\Program Files (x86)\Common Files\Intel\Shared Libraries\redist\intel64\compiler;C:\WINDOWS\system32;C:\WINDOWS;C:\WINDOWS\System32\Wbem;C:\WINDOWS\System32\WindowsPowerShell\v1.0\;C:\WINDOWS\System32\OpenSSH\;C:\Program Files (x86)\Common Files\MDL Shared\ISIS;C:\Users\MOHAMMED NoR\AppData\Local\Microsoft\WindowsApps;C:\Program Files\LAMMPS 64-bit 7Aug2019-MPI\bin;C:\Program Files (x86)\Windows Kits\8.1\Windows Performance Toolkit\;C:\Program Files\Microsoft SQL Server\Client SDK\ODBC\110\Tools\Binn\;C:\Program Files (x86)\Microsoft SQL Server\120\Tools\Binn\;C:\Program Files\Microsoft SQL Server\120\Tools\Binn\;C:\Program Files\Microsoft SQL Server\120\DTS\Binn\;C:\Users\MOHAMMED NoR\AppData\Local\GitHubDesktop\bin;C:\WINDOWS\system32;C:\WINDOWS;C:\WINDOWS\System32\Wbem;C:\WINDOWS\System32\WindowsPowerShell\v1.0\;C:\WINDOWS\System32\OpenSSH\;C:\ProgramData\chocolatey\bin;C:\Program Files\dotnet\;C:\src\flutter\bin;C:\Users\MOHAMMED NoR\AppData\Roaming\Python\Python311\Scripts;C:\Program Files (x86)\Keyman\Keyman Developer\;C:\Program Files\gs\gs10.03.1\bin;C:\Program Files (x86)\Windows Kits\10\Windows Performance Toolkit\;C:\Program Files\Git\cmd;C:\Program Files\PowerShell\7\;C:\Program Files\Java\jdk-23\bin;C:\Users\MOHAMMED NoR\AppData\Local\Programs\Python\Python311\Scripts\;C:\Users\MOHAMMED NoR\AppData\Local\Programs\Python\Python311\;C:\Python38\Scripts\;C:\Python38\;C:\Program Files\PerkinElmerInformatics\ChemOffice2019\ChemScript\Lib;C:\Program Files (x86)\Common Files\Intel\Shared Libraries\redist\intel64\compiler;C:\WINDOWS\system32;C:\WINDOWS;C:\WINDOWS\System32\Wbem;C:\WINDOWS\System32\WindowsPowerShell\v1.0\;C:\WINDOWS\System32\OpenSSH\;C:\Program Files (x86)\Common Files\MDL Shared\ISIS;C:\Users\MOHAMMED NoR\AppData\Local\Microsoft\WindowsApps;C:\Program Files\LAMMPS 64-bit 7Aug2019-MPI\bin;C:\Program Files\Git\cmd;C:\Program Files (x86)\Windows Kits\8.1\Windows Performance Toolkit\;C:\Program Files\Microsoft SQL Server\Client SDK\ODBC\110\Tools\Binn\;C:\Program Files (x86)\Microsoft SQL Server\120\Tools\Binn\;C:\Program Files\Microsoft SQL Server\120\Tools\Binn\;C:\Program Files\Microsoft SQL Server\120\DTS\Binn\;C:\Users\MOHAMMED NoR\AppData\Local\GitHubDesktop\bin;C:\Program Files\JetBrains\PyCharm Community Edition 2019.3.1\bin;C:\WINDOWS\system32;C:\WINDOWS;C:\WINDOWS\System32\Wbem;C:\WINDOWS\System32\WindowsPowerShell\v1.0\;C:\WINDOWS\System32\OpenSSH\;C:\ProgramData\chocolatey\bin;C:\Program Files\dotnet\;C:\Program Files\Polyspace\R2021a\runtime\win64;C:\Program Files\Polyspace\R2021a\bin;C:\Program Files\Polyspace\R2021a\polyspace\bin;C:\src\flutter\bin;C:\Program Files\MATLAB\R2018a\bin\win64;C:\Program Files\MPICH2\bin;C:\Program Files\Polyspace\R2020a\runtime\win64;C:\Program Files\Polyspace\R2020a\bin;C:\Program Files\Polyspace\R2020a\polyspace\bin;C:\Program Files\flutter\bin;C:\ProgramData\MOHAMMED NoR\atom\bin;C:\Users\MOHAMMED NoR\AppData\Local\atom\bin;C:\Users\MOHAMMED NoR\.dotnet\tools;C:\texlive\2020\bin\win32;c:\FullProf_Suite;C:\Program Files\JetBrains\DataSpell 2022.3\bin;C:\Exercism;C:\Users\MOHAMMED NoR\AppData\Roaming\Python\Python311\Scripts;C:\Users\MOHAMMED NoR\.dotnet\tools;C:\Users\MOHAMMED NoR\AppData\Local\JetBrains\Toolbox\scripts;C:\Users\MOHAMMED NoR\AppData\Local\Programs\Microsoft VS Code\bin
USERNAME=MOHAMMED NoR
DISPLAY=:0.0
LC_ALL=en_US.UTF-8
TERM=xterm-256color
TMPDIR=C:\Users\MOHAMM~1\AppData\Local\Temp
OS=Windows_NT
PROCESSOR_IDENTIFIER=Intel64 Family 6 Model 69 Stepping 1, GenuineIntel
TMP=C:\Users\MOHAMM~1\AppData\Local\Temp
TEMP=C:\Users\MOHAMM~1\AppData\Local\Temp




Periodic native trim disabled

JNI global refs:
JNI global refs: 19, weak refs: 0

JNI global refs memory usage: 835, weak refs: 833

Process memory usage:
Resident Set Size: 85600K (0% of 15639752K total physical memory with 1514148K free physical memory)

OOME stack traces (most recent first):
Classloader memory used:
Loader bootstrap                                                                       : 15292K
Loader jdk.internal.loader.ClassLoaders$PlatformClassLoader                            : 1898K
Loader jdk.internal.loader.ClassLoaders$AppClassLoader                                 : 20416B

---------------  S Y S T E M  ---------------

OS:
 Windows 10 , 64 bit Build 19041 (10.0.19041.5198)
OS uptime: 5 days 0:26 hours
Hyper-V role detected

CPU: total 4 (initial active 4) (2 cores per cpu, 2 threads per core) family 6 model 69 stepping 1 microcode 0x25, cx8, cmov, fxsr, ht, mmx, sse, sse2, sse3, ssse3, sse4.1, sse4.2, popcnt, lzcnt, tsc, tscinvbit, avx, avx2, aes, erms, clmul, bmi1, bmi2, fma, vzeroupper, clflush, hv, rdtscp, f16c
Processor Information for all 4 processors :
  Max Mhz: 2301, Current Mhz: 2301, Mhz Limit: 2301

Memory: 4k page, system-wide physical 15273M (1478M free)
TotalPageFile size 15273M (AvailPageFile size 6M)
current process WorkingSet (physical memory assigned to process): 83M, peak: 84M
current process commit charge ("private bytes"): 340M, peak: 342M

vm_info: OpenJDK 64-Bit Server VM (21.0.5+-12932927-b750.29) for windows-amd64 JRE (21.0.5+-12932927-b750.29), built on 2025-01-17T02:01:10Z by "builder" with MS VC++ 16.10 / 16.11 (VS2019)

END.
